<?xml version="1.0" encoding="UTF-8"?>
<!-- Generated by org.testng.reporters.JUnitReportReporter -->
<testsuite hostname="ROG" failures="0" tests="3" name="com.crm.qa.testcases.LoginPageTest" time="29.266" errors="0" timestamp="2020-12-01T19:58:01 GMT-05:00" skipped="0">
  <testcase classname="com.crm.qa.testcases.LoginPageTest" name="loginPageTitleTest" time="9.186"/>
  <system-out/>
  <testcase classname="com.crm.qa.testcases.LoginPageTest" name="crmLogoImageTest" time="9.983"/>
  <system-out/>
  <testcase classname="com.crm.qa.testcases.LoginPageTest" name="loginTest" time="10.097"/>
  <system-out/>
</testsuite> <!-- com.crm.qa.testcases.LoginPageTest -->
